[ 2013-10-17T20:04:35+08:00 ] 0.0.0.0 /zjb/index.php/Ajax/getRegion.html?type=1
INFO: [ app_begin ] --START--
INFO: ReadHtmlCache Behavior ::run [ RunTime:0.002000s ]
INFO: [ app_begin ] --END-- [ RunTime:0.004000s ]
SQL: SHOW COLUMNS FROM `zjb_region` [ RunTime:0.005000s ]
ERR: 1146:Table 'zjb.zjb_region' doesn't exist
 [ SQL语句 ] : SHOW COLUMNS FROM `zjb_region`
NOTIC: [8] Undefined index: pid D:\wamp\www\zjb\zjb\Lib\Action\Home\AjaxAction.class.php 第 11 行.
SQL: SELECT * FROM `zjb_region` WHERE ( `pid` = null ) AND ( `level` = '1' )  [ RunTime:0.001000s ]
ERR: 1146:Table 'zjb.zjb_region' doesn't exist
 [ SQL语句 ] : SELECT * FROM `zjb_region` WHERE ( `pid` = null ) AND ( `level` = '1' ) 

[ 2013-10-17T20:05:59+08:00 ] 0.0.0.0 /zjb/index.php/Ajax/getRegion.html?type=1
INFO: [ app_begin ] --START--
INFO: ReadHtmlCache Behavior ::run [ RunTime:0.003000s ]
INFO: [ app_begin ] --END-- [ RunTime:0.004000s ]
SQL: SHOW COLUMNS FROM `zjb_area` [ RunTime:0.005000s ]
NOTIC: [8] Undefined index: pid D:\wamp\www\zjb\zjb\Lib\Action\Home\AjaxAction.class.php 第 11 行.
SQL: SELECT * FROM `zjb_area` WHERE ( `pid` = null ) AND ( `level` = 1 )  [ RunTime:0.047003s ]

[ 2013-10-17T20:06:10+08:00 ] 0.0.0.0 /zjb/index.php/Ajax/getRegion.html?type=1
INFO: [ app_begin ] --START--
INFO: ReadHtmlCache Behavior ::run [ RunTime:0.002000s ]
INFO: [ app_begin ] --END-- [ RunTime:0.004001s ]
SQL: SHOW COLUMNS FROM `zjb_area` [ RunTime:0.005000s ]
NOTIC: [8] Undefined index: pid D:\wamp\www\zjb\zjb\Lib\Action\Home\AjaxAction.class.php 第 11 行.
SQL: SELECT * FROM `zjb_area` WHERE ( `pid` = null ) AND ( `level` = 1 )  [ RunTime:0.001000s ]

[ 2013-10-17T20:12:34+08:00 ] 0.0.0.0 /zjb/index.php/Ajax/getRegion.html?type=1
INFO: [ app_begin ] --START--
INFO: ReadHtmlCache Behavior ::run [ RunTime:0.002000s ]
INFO: [ app_begin ] --END-- [ RunTime:0.003000s ]
SQL: SHOW COLUMNS FROM `zjb_area` [ RunTime:0.004000s ]
NOTIC: [8] Undefined index: pid D:\wamp\www\zjb\zjb\Lib\Action\Home\AjaxAction.class.php 第 11 行.
SQL: SELECT * FROM `zjb_area` WHERE ( `pid` = null ) AND ( `level` = 1 )  [ RunTime:0.000000s ]

[ 2013-10-17T20:12:37+08:00 ] 0.0.0.0 /zjb/index.php/Ajax/getRegion.html?type=1
INFO: [ app_begin ] --START--
INFO: ReadHtmlCache Behavior ::run [ RunTime:0.002000s ]
INFO: [ app_begin ] --END-- [ RunTime:0.004000s ]
SQL: SHOW COLUMNS FROM `zjb_area` [ RunTime:0.005001s ]
NOTIC: [8] Undefined index: pid D:\wamp\www\zjb\zjb\Lib\Action\Home\AjaxAction.class.php 第 11 行.
SQL: SELECT * FROM `zjb_area` WHERE ( `pid` = null ) AND ( `level` = 1 )  [ RunTime:0.001000s ]

[ 2013-10-17T20:12:39+08:00 ] 0.0.0.0 /zjb/index.php/Ajax/getRegion.html?type=1
INFO: [ app_begin ] --START--
INFO: ReadHtmlCache Behavior ::run [ RunTime:0.003000s ]
INFO: [ app_begin ] --END-- [ RunTime:0.003000s ]
SQL: SHOW COLUMNS FROM `zjb_area` [ RunTime:0.005001s ]
NOTIC: [8] Undefined index: pid D:\wamp\www\zjb\zjb\Lib\Action\Home\AjaxAction.class.php 第 11 行.
SQL: SELECT * FROM `zjb_area` WHERE ( `pid` = null ) AND ( `level` = 1 )  [ RunTime:0.001000s ]

[ 2013-10-17T20:19:48+08:00 ] 0.0.0.0 /zjb/index.php/Ajax/getRegion.html?type=2
INFO: [ app_begin ] --START--
INFO: ReadHtmlCache Behavior ::run [ RunTime:0.002000s ]
INFO: [ app_begin ] --END-- [ RunTime:0.003000s ]
SQL: SHOW COLUMNS FROM `zjb_area` [ RunTime:0.005000s ]
NOTIC: [8] Undefined index: pid D:\wamp\www\zjb\zjb\Lib\Action\Home\AjaxAction.class.php 第 11 行.
SQL: SELECT * FROM `zjb_area` WHERE ( `pid` = null ) AND ( `level` = 2 )  [ RunTime:0.001000s ]

[ 2013-10-17T20:19:51+08:00 ] 0.0.0.0 /zjb/index.php/Ajax/getRegion.html?type=2
INFO: [ app_begin ] --START--
INFO: ReadHtmlCache Behavior ::run [ RunTime:0.002000s ]
INFO: [ app_begin ] --END-- [ RunTime:0.003000s ]
SQL: SHOW COLUMNS FROM `zjb_area` [ RunTime:0.004000s ]
NOTIC: [8] Undefined index: pid D:\wamp\www\zjb\zjb\Lib\Action\Home\AjaxAction.class.php 第 11 行.
SQL: SELECT * FROM `zjb_area` WHERE ( `pid` = null ) AND ( `level` = 2 )  [ RunTime:0.001000s ]

[ 2013-10-17T20:19:58+08:00 ] 0.0.0.0 /zjb/index.php/Ajax/getRegion.html?type=2
INFO: [ app_begin ] --START--
INFO: ReadHtmlCache Behavior ::run [ RunTime:0.002000s ]
INFO: [ app_begin ] --END-- [ RunTime:0.003000s ]
SQL: SHOW COLUMNS FROM `zjb_area` [ RunTime:0.004001s ]
NOTIC: [8] Undefined index: pid D:\wamp\www\zjb\zjb\Lib\Action\Home\AjaxAction.class.php 第 11 行.
SQL: SELECT * FROM `zjb_area` WHERE ( `pid` = null ) AND ( `level` = 2 )  [ RunTime:0.000000s ]

[ 2013-10-17T20:28:41+08:00 ] 0.0.0.0 /zjb/index.php/Ajax/getRegion.html?type=2
INFO: [ app_begin ] --START--
INFO: ReadHtmlCache Behavior ::run [ RunTime:0.002000s ]
INFO: [ app_begin ] --END-- [ RunTime:0.004000s ]
SQL: SHOW COLUMNS FROM `zjb_area` [ RunTime:0.006000s ]
NOTIC: [8] Undefined index: pid D:\wamp\www\zjb\zjb\Lib\Action\Home\AjaxAction.class.php 第 11 行.
SQL: SELECT * FROM `zjb_area` WHERE ( `pid` = null ) AND ( `level` = 2 )  [ RunTime:0.001000s ]

[ 2013-10-17T20:28:54+08:00 ] 0.0.0.0 /zjb/index.php/Ajax/getRegion.html?type=2
INFO: [ app_begin ] --START--
INFO: ReadHtmlCache Behavior ::run [ RunTime:0.002001s ]
INFO: [ app_begin ] --END-- [ RunTime:0.003001s ]
SQL: SHOW COLUMNS FROM `zjb_area` [ RunTime:0.005001s ]
NOTIC: [8] Undefined index: pid D:\wamp\www\zjb\zjb\Lib\Action\Home\AjaxAction.class.php 第 11 行.
SQL: SELECT * FROM `zjb_area` WHERE ( `pid` = null ) AND ( `level` = 2 )  [ RunTime:0.000000s ]

[ 2013-10-17T20:36:45+08:00 ] 0.0.0.0 /zjb/index.php/Ajax/getRegion?pid=134&type=2
INFO: [ app_begin ] --START--
INFO: ReadHtmlCache Behavior ::run [ RunTime:0.003000s ]
INFO: [ app_begin ] --END-- [ RunTime:0.003000s ]
SQL: SHOW COLUMNS FROM `zjb_area` [ RunTime:0.005000s ]
SQL: SELECT * FROM `zjb_area` WHERE ( `pid` = 134 ) AND ( `level` = 2 )  [ RunTime:0.001000s ]

[ 2013-10-17T20:37:31+08:00 ] 0.0.0.0 /zjb/index.php/Ajax/getRegion?pid=133&type=2
INFO: [ app_begin ] --START--
INFO: ReadHtmlCache Behavior ::run [ RunTime:0.002000s ]
INFO: [ app_begin ] --END-- [ RunTime:0.004000s ]
SQL: SHOW COLUMNS FROM `zjb_area` [ RunTime:0.005000s ]
SQL: SELECT * FROM `zjb_area` WHERE ( `pid` = 133 ) AND ( `level` = 2 )  [ RunTime:0.000000s ]

[ 2013-10-17T20:49:07+08:00 ] 0.0.0.0 /zjb/index.php/Ajax/getRegion?pid=141&type=2
INFO: [ app_begin ] --START--
INFO: ReadHtmlCache Behavior ::run [ RunTime:0.002000s ]
INFO: [ app_begin ] --END-- [ RunTime:0.003000s ]
SQL: SHOW COLUMNS FROM `zjb_area` [ RunTime:0.005000s ]
SQL: SELECT * FROM `zjb_area` WHERE ( `pid` = 141 ) AND ( `level` = 2 )  [ RunTime:0.000000s ]

[ 2013-10-17T20:49:14+08:00 ] 0.0.0.0 /zjb/index.php/Ajax/getRegion?pid=133&type=2
INFO: [ app_begin ] --START--
INFO: ReadHtmlCache Behavior ::run [ RunTime:0.003000s ]
INFO: [ app_begin ] --END-- [ RunTime:0.003000s ]
SQL: SHOW COLUMNS FROM `zjb_area` [ RunTime:0.005000s ]
SQL: SELECT * FROM `zjb_area` WHERE ( `pid` = 133 ) AND ( `level` = 2 )  [ RunTime:0.001000s ]

[ 2013-10-17T20:50:01+08:00 ] 0.0.0.0 /zjb/index.php/Ajax/getRegion?pid=136&type=2
INFO: [ app_begin ] --START--
INFO: ReadHtmlCache Behavior ::run [ RunTime:0.003000s ]
INFO: [ app_begin ] --END-- [ RunTime:0.003000s ]
SQL: SHOW COLUMNS FROM `zjb_area` [ RunTime:0.005000s ]
SQL: SELECT * FROM `zjb_area` WHERE ( `pid` = 136 ) AND ( `level` = 2 )  [ RunTime:0.000000s ]

[ 2013-10-17T20:50:03+08:00 ] 0.0.0.0 /zjb/index.php/Ajax/getRegion?pid=115&type=2
INFO: [ app_begin ] --START--
INFO: ReadHtmlCache Behavior ::run [ RunTime:0.003000s ]
INFO: [ app_begin ] --END-- [ RunTime:0.003000s ]
SQL: SHOW COLUMNS FROM `zjb_area` [ RunTime:0.005000s ]
SQL: SELECT * FROM `zjb_area` WHERE ( `pid` = 115 ) AND ( `level` = 2 )  [ RunTime:0.001000s ]

[ 2013-10-17T20:50:06+08:00 ] 0.0.0.0 /zjb/index.php/Ajax/getRegion?pid=113&type=2
INFO: [ app_begin ] --START--
INFO: ReadHtmlCache Behavior ::run [ RunTime:0.002000s ]
INFO: [ app_begin ] --END-- [ RunTime:0.003000s ]
SQL: SHOW COLUMNS FROM `zjb_area` [ RunTime:0.006000s ]
SQL: SELECT * FROM `zjb_area` WHERE ( `pid` = 113 ) AND ( `level` = 2 )  [ RunTime:0.001000s ]

[ 2013-10-17T20:50:36+08:00 ] 0.0.0.0 /zjb/index.php/Ajax/getRegion?pid=134&type=2
INFO: [ app_begin ] --START--
INFO: ReadHtmlCache Behavior ::run [ RunTime:0.002000s ]
INFO: [ app_begin ] --END-- [ RunTime:0.004001s ]
SQL: SHOW COLUMNS FROM `zjb_area` [ RunTime:0.005000s ]
SQL: SELECT * FROM `zjb_area` WHERE ( `pid` = 134 ) AND ( `level` = 2 )  [ RunTime:0.001000s ]

[ 2013-10-17T20:51:10+08:00 ] 0.0.0.0 /zjb/index.php/Ajax/getRegion?pid=136&type=2
INFO: [ app_begin ] --START--
INFO: ReadHtmlCache Behavior ::run [ RunTime:0.003000s ]
INFO: [ app_begin ] --END-- [ RunTime:0.004000s ]
SQL: SHOW COLUMNS FROM `zjb_area` [ RunTime:0.005001s ]
SQL: SELECT * FROM `zjb_area` WHERE ( `pid` = 136 ) AND ( `level` = 2 )  [ RunTime:0.001000s ]

[ 2013-10-17T20:56:02+08:00 ] 0.0.0.0 /zjb/index.php/Ajax/getRegion?pid=112&type=2
INFO: [ app_begin ] --START--
INFO: ReadHtmlCache Behavior ::run [ RunTime:0.003000s ]
INFO: [ app_begin ] --END-- [ RunTime:0.003000s ]
SQL: SHOW COLUMNS FROM `zjb_area` [ RunTime:0.005000s ]
SQL: SELECT * FROM `zjb_area` WHERE ( `pid` = 112 ) AND ( `level` = 2 )  [ RunTime:0.001000s ]

[ 2013-10-17T21:01:00+08:00 ] 0.0.0.0 /zjb/index.php/Ajax/getRegion?pid=115&type=2
INFO: [ app_begin ] --START--
INFO: ReadHtmlCache Behavior ::run [ RunTime:0.003000s ]
INFO: [ app_begin ] --END-- [ RunTime:0.003000s ]
SQL: SHOW COLUMNS FROM `zjb_area` [ RunTime:0.005000s ]
SQL: SELECT * FROM `zjb_area` WHERE ( `pid` = 115 ) AND ( `level` = 2 )  [ RunTime:0.001000s ]

[ 2013-10-17T21:03:25+08:00 ] 0.0.0.0 /zjb/index.php/Ajax/getRegion?pid=136&type=2
INFO: [ app_begin ] --START--
INFO: ReadHtmlCache Behavior ::run [ RunTime:0.003000s ]
INFO: [ app_begin ] --END-- [ RunTime:0.003000s ]
SQL: SHOW COLUMNS FROM `zjb_area` [ RunTime:0.005000s ]
SQL: SELECT * FROM `zjb_area` WHERE ( `pid` = 136 ) AND ( `level` = 2 )  [ RunTime:0.001000s ]

[ 2013-10-17T21:03:27+08:00 ] 0.0.0.0 /zjb/index.php/Ajax/getRegion?pid=133&type=2
INFO: [ app_begin ] --START--
INFO: ReadHtmlCache Behavior ::run [ RunTime:0.004001s ]
INFO: [ app_begin ] --END-- [ RunTime:0.004001s ]
SQL: SHOW COLUMNS FROM `zjb_area` [ RunTime:0.004000s ]
SQL: SELECT * FROM `zjb_area` WHERE ( `pid` = 133 ) AND ( `level` = 2 )  [ RunTime:0.000000s ]

[ 2013-10-17T21:03:28+08:00 ] 0.0.0.0 /zjb/index.php/Ajax/getRegion?pid=114&type=2
INFO: [ app_begin ] --START--
INFO: ReadHtmlCache Behavior ::run [ RunTime:0.003000s ]
INFO: [ app_begin ] --END-- [ RunTime:0.003000s ]
SQL: SHOW COLUMNS FROM `zjb_area` [ RunTime:0.004000s ]
SQL: SELECT * FROM `zjb_area` WHERE ( `pid` = 114 ) AND ( `level` = 2 )  [ RunTime:0.000000s ]

[ 2013-10-17T21:03:30+08:00 ] 0.0.0.0 /zjb/index.php/Ajax/getRegion?pid=113&type=2
INFO: [ app_begin ] --START--
INFO: ReadHtmlCache Behavior ::run [ RunTime:0.003000s ]
INFO: [ app_begin ] --END-- [ RunTime:0.003000s ]
SQL: SHOW COLUMNS FROM `zjb_area` [ RunTime:0.005001s ]
SQL: SELECT * FROM `zjb_area` WHERE ( `pid` = 113 ) AND ( `level` = 2 )  [ RunTime:0.000000s ]

[ 2013-10-17T21:03:38+08:00 ] 0.0.0.0 /zjb/index.php/Ajax/getRegion?pid=132&type=2
INFO: [ app_begin ] --START--
INFO: ReadHtmlCache Behavior ::run [ RunTime:0.003001s ]
INFO: [ app_begin ] --END-- [ RunTime:0.003001s ]
SQL: SHOW COLUMNS FROM `zjb_area` [ RunTime:0.005001s ]
SQL: SELECT * FROM `zjb_area` WHERE ( `pid` = 132 ) AND ( `level` = 2 )  [ RunTime:0.001000s ]

[ 2013-10-17T21:03:39+08:00 ] 0.0.0.0 /zjb/index.php/Ajax/getRegion?pid=142&type=2
INFO: [ app_begin ] --START--
INFO: ReadHtmlCache Behavior ::run [ RunTime:0.002000s ]
INFO: [ app_begin ] --END-- [ RunTime:0.004001s ]
SQL: SHOW COLUMNS FROM `zjb_area` [ RunTime:0.004000s ]
SQL: SELECT * FROM `zjb_area` WHERE ( `pid` = 142 ) AND ( `level` = 2 )  [ RunTime:0.001000s ]

[ 2013-10-17T21:03:41+08:00 ] 0.0.0.0 /zjb/index.php/Ajax/getRegion?pid=133&type=2
INFO: [ app_begin ] --START--
INFO: ReadHtmlCache Behavior ::run [ RunTime:0.003000s ]
INFO: [ app_begin ] --END-- [ RunTime:0.003000s ]
SQL: SHOW COLUMNS FROM `zjb_area` [ RunTime:0.005001s ]
SQL: SELECT * FROM `zjb_area` WHERE ( `pid` = 133 ) AND ( `level` = 2 )  [ RunTime:0.001000s ]

[ 2013-10-17T21:03:42+08:00 ] 0.0.0.0 /zjb/index.php/Ajax/getRegion?pid=115&type=2
INFO: [ app_begin ] --START--
INFO: ReadHtmlCache Behavior ::run [ RunTime:0.003000s ]
INFO: [ app_begin ] --END-- [ RunTime:0.003000s ]
SQL: SHOW COLUMNS FROM `zjb_area` [ RunTime:0.005000s ]
SQL: SELECT * FROM `zjb_area` WHERE ( `pid` = 115 ) AND ( `level` = 2 )  [ RunTime:0.001000s ]

[ 2013-10-17T21:03:55+08:00 ] 0.0.0.0 /zjb/index.php/Ajax/getRegion?pid=136&type=2
INFO: [ app_begin ] --START--
INFO: ReadHtmlCache Behavior ::run [ RunTime:0.002000s ]
INFO: [ app_begin ] --END-- [ RunTime:0.004000s ]
SQL: SHOW COLUMNS FROM `zjb_area` [ RunTime:0.004000s ]
SQL: SELECT * FROM `zjb_area` WHERE ( `pid` = 136 ) AND ( `level` = 2 )  [ RunTime:0.000000s ]

[ 2013-10-17T21:23:21+08:00 ] 0.0.0.0 /zjb/index.php/Ajax/getRegion?pid=122&type=2
INFO: [ app_begin ] --START--
INFO: ReadHtmlCache Behavior ::run [ RunTime:0.003001s ]
INFO: [ app_begin ] --END-- [ RunTime:0.003001s ]
SQL: SHOW COLUMNS FROM `zjb_area` [ RunTime:0.005000s ]
SQL: SELECT * FROM `zjb_area` WHERE ( `pid` = 122 ) AND ( `level` = 2 )  [ RunTime:0.000000s ]

[ 2013-10-17T21:26:30+08:00 ] 0.0.0.0 /zjb/index.php/Ajax/getRegion?pid=112&type=2
INFO: [ app_begin ] --START--
INFO: ReadHtmlCache Behavior ::run [ RunTime:0.003000s ]
INFO: [ app_begin ] --END-- [ RunTime:0.003000s ]
SQL: SHOW COLUMNS FROM `zjb_area` [ RunTime:0.005001s ]
SQL: SELECT * FROM `zjb_area` WHERE ( `pid` = 112 ) AND ( `level` = 2 )  [ RunTime:0.001000s ]

[ 2013-10-17T21:26:54+08:00 ] 0.0.0.0 /zjb/index.php/Ajax/getRegion?pid=114&type=2
INFO: [ app_begin ] --START--
INFO: ReadHtmlCache Behavior ::run [ RunTime:0.003000s ]
INFO: [ app_begin ] --END-- [ RunTime:0.003000s ]
SQL: SHOW COLUMNS FROM `zjb_area` [ RunTime:0.005000s ]
SQL: SELECT * FROM `zjb_area` WHERE ( `pid` = 114 ) AND ( `level` = 2 )  [ RunTime:0.001000s ]

[ 2013-10-17T21:27:21+08:00 ] 0.0.0.0 /zjb/index.php/Ajax/getRegion.html?pid=121&type=2
INFO: [ app_begin ] --START--
INFO: ReadHtmlCache Behavior ::run [ RunTime:0.002000s ]
INFO: [ app_begin ] --END-- [ RunTime:0.004000s ]
SQL: SHOW COLUMNS FROM `zjb_area` [ RunTime:0.005000s ]
SQL: SELECT * FROM `zjb_area` WHERE ( `pid` = 121 ) AND ( `level` = 2 )  [ RunTime:0.001000s ]

[ 2013-10-17T21:29:48+08:00 ] 0.0.0.0 /zjb/index.php/Ajax/getRegion.html?pid=132&type=2
INFO: [ app_begin ] --START--
INFO: ReadHtmlCache Behavior ::run [ RunTime:0.003000s ]
INFO: [ app_begin ] --END-- [ RunTime:0.003000s ]
SQL: SHOW COLUMNS FROM `zjb_area` [ RunTime:0.014001s ]
SQL: SELECT * FROM `zjb_area` WHERE ( `pid` = 132 ) AND ( `level` = 2 )  [ RunTime:0.000000s ]

[ 2013-10-17T21:35:00+08:00 ] 0.0.0.0 /zjb/index.php/Ajax/getRegion.html?pid=133&type=2
INFO: [ app_begin ] --START--
INFO: ReadHtmlCache Behavior ::run [ RunTime:0.003001s ]
INFO: [ app_begin ] --END-- [ RunTime:0.004001s ]
SQL: SHOW COLUMNS FROM `zjb_area` [ RunTime:0.006000s ]
SQL: SELECT * FROM `zjb_area` WHERE ( `pid` = 133 ) AND ( `level` = 2 )  [ RunTime:0.001000s ]

[ 2013-10-17T21:37:44+08:00 ] 0.0.0.0 /zjb/index.php/Ajax/getRegion.html?pid=132&type=2
INFO: [ app_begin ] --START--
INFO: ReadHtmlCache Behavior ::run [ RunTime:0.003001s ]
INFO: [ app_begin ] --END-- [ RunTime:0.003001s ]
SQL: SHOW COLUMNS FROM `zjb_area` [ RunTime:0.005001s ]
SQL: SELECT * FROM `zjb_area` WHERE ( `pid` = 132 ) AND ( `level` = 2 )  [ RunTime:0.001000s ]

[ 2013-10-17T21:46:34+08:00 ] 0.0.0.0 /zjb/index.php/Ajax/getRegion.html?pid=134&type=2
INFO: [ app_begin ] --START--
INFO: ReadHtmlCache Behavior ::run [ RunTime:0.002000s ]
INFO: [ app_begin ] --END-- [ RunTime:0.003000s ]
SQL: SHOW COLUMNS FROM `zjb_area` [ RunTime:0.005000s ]
SQL: SELECT * FROM `zjb_area` WHERE ( `pid` = 134 ) AND ( `level` = 2 )  [ RunTime:0.001001s ]

[ 2013-10-17T21:46:37+08:00 ] 0.0.0.0 /zjb/index.php/Ajax/getRegion.html?pid=115&type=2
INFO: [ app_begin ] --START--
INFO: ReadHtmlCache Behavior ::run [ RunTime:0.002000s ]
INFO: [ app_begin ] --END-- [ RunTime:0.002000s ]
SQL: SHOW COLUMNS FROM `zjb_area` [ RunTime:0.005000s ]
SQL: SELECT * FROM `zjb_area` WHERE ( `pid` = 115 ) AND ( `level` = 2 )  [ RunTime:0.000000s ]

[ 2013-10-17T21:47:40+08:00 ] 0.0.0.0 /zjb/index.php/Ajax/getRegion.html?pid=135&type=2
INFO: [ app_begin ] --START--
INFO: ReadHtmlCache Behavior ::run [ RunTime:0.002000s ]
INFO: [ app_begin ] --END-- [ RunTime:0.003000s ]
SQL: SHOW COLUMNS FROM `zjb_area` [ RunTime:0.005000s ]
SQL: SELECT * FROM `zjb_area` WHERE ( `pid` = 135 ) AND ( `level` = 2 )  [ RunTime:0.000000s ]

[ 2013-10-17T21:47:43+08:00 ] 0.0.0.0 /zjb/index.php/Ajax/getRegion.html?pid=115&type=2
INFO: [ app_begin ] --START--
INFO: ReadHtmlCache Behavior ::run [ RunTime:0.002000s ]
INFO: [ app_begin ] --END-- [ RunTime:0.003000s ]
SQL: SHOW COLUMNS FROM `zjb_area` [ RunTime:0.005000s ]
SQL: SELECT * FROM `zjb_area` WHERE ( `pid` = 115 ) AND ( `level` = 2 )  [ RunTime:0.000000s ]

[ 2013-10-17T21:49:03+08:00 ] 0.0.0.0 /zjb/index.php/Ajax/getRegion.html?pid=133&type=2
INFO: [ app_begin ] --START--
INFO: ReadHtmlCache Behavior ::run [ RunTime:0.002000s ]
INFO: [ app_begin ] --END-- [ RunTime:0.003000s ]
SQL: SHOW COLUMNS FROM `zjb_area` [ RunTime:0.005001s ]
SQL: SELECT * FROM `zjb_area` WHERE ( `pid` = 133 ) AND ( `level` = 2 )  [ RunTime:0.001000s ]

[ 2013-10-17T21:49:08+08:00 ] 0.0.0.0 /zjb/index.php/Ajax/getRegion.html?pid=135&type=2
INFO: [ app_begin ] --START--
INFO: ReadHtmlCache Behavior ::run [ RunTime:0.002000s ]
INFO: [ app_begin ] --END-- [ RunTime:0.003000s ]
SQL: SHOW COLUMNS FROM `zjb_area` [ RunTime:0.005000s ]
SQL: SELECT * FROM `zjb_area` WHERE ( `pid` = 135 ) AND ( `level` = 2 )  [ RunTime:0.000000s ]

[ 2013-10-17T21:49:09+08:00 ] 0.0.0.0 /zjb/index.php/Ajax/getRegion.html?pid=123&type=2
INFO: [ app_begin ] --START--
INFO: ReadHtmlCache Behavior ::run [ RunTime:0.002000s ]
INFO: [ app_begin ] --END-- [ RunTime:0.003000s ]
SQL: SHOW COLUMNS FROM `zjb_area` [ RunTime:0.005000s ]
SQL: SELECT * FROM `zjb_area` WHERE ( `pid` = 123 ) AND ( `level` = 2 )  [ RunTime:0.000000s ]

[ 2013-10-17T21:49:14+08:00 ] 0.0.0.0 /zjb/index.php/Ajax/getRegion.html?pid=121&type=2
INFO: [ app_begin ] --START--
INFO: ReadHtmlCache Behavior ::run [ RunTime:0.002000s ]
INFO: [ app_begin ] --END-- [ RunTime:0.003000s ]
SQL: SHOW COLUMNS FROM `zjb_area` [ RunTime:0.005001s ]
SQL: SELECT * FROM `zjb_area` WHERE ( `pid` = 121 ) AND ( `level` = 2 )  [ RunTime:0.001000s ]

[ 2013-10-17T21:51:52+08:00 ] 0.0.0.0 /zjb/index.php/Ajax/getRegion.html?pid=135&type=2
INFO: [ app_begin ] --START--
INFO: ReadHtmlCache Behavior ::run [ RunTime:0.002000s ]
INFO: [ app_begin ] --END-- [ RunTime:0.004000s ]
SQL: SHOW COLUMNS FROM `zjb_area` [ RunTime:0.005001s ]
SQL: SELECT * FROM `zjb_area` WHERE ( `pid` = 135 ) AND ( `level` = 2 )  [ RunTime:0.000000s ]

[ 2013-10-17T21:55:56+08:00 ] 0.0.0.0 /zjb/index.php/Ajax/getRegion.html?pid=135&type=2
INFO: [ app_begin ] --START--
INFO: ReadHtmlCache Behavior ::run [ RunTime:0.002000s ]
INFO: [ app_begin ] --END-- [ RunTime:0.004001s ]
SQL: SHOW COLUMNS FROM `zjb_area` [ RunTime:0.005001s ]
SQL: SELECT * FROM `zjb_area` WHERE ( `pid` = 135 ) AND ( `level` = 2 )  [ RunTime:0.001000s ]

[ 2013-10-17T21:56:05+08:00 ] 0.0.0.0 /zjb/index.php/Ajax/getRegion.html?pid=141&type=2
INFO: [ app_begin ] --START--
INFO: ReadHtmlCache Behavior ::run [ RunTime:0.003000s ]
INFO: [ app_begin ] --END-- [ RunTime:0.003000s ]
SQL: SHOW COLUMNS FROM `zjb_area` [ RunTime:0.005001s ]
SQL: SELECT * FROM `zjb_area` WHERE ( `pid` = 141 ) AND ( `level` = 2 )  [ RunTime:0.001000s ]

[ 2013-10-17T22:13:28+08:00 ] 0.0.0.0 /zjb/index.php/Ajax/getRegion.html?pid=142&type=2
INFO: [ app_begin ] --START--
INFO: ReadHtmlCache Behavior ::run [ RunTime:0.003001s ]
INFO: [ app_begin ] --END-- [ RunTime:0.003001s ]
SQL: SHOW COLUMNS FROM `zjb_area` [ RunTime:0.005000s ]
SQL: SELECT * FROM `zjb_area` WHERE ( `pid` = 142 ) AND ( `level` = 2 )  [ RunTime:0.000000s ]

[ 2013-10-17T22:13:30+08:00 ] 0.0.0.0 /zjb/index.php/Ajax/getRegion.html?pid=132&type=2
INFO: [ app_begin ] --START--
INFO: ReadHtmlCache Behavior ::run [ RunTime:0.002000s ]
INFO: [ app_begin ] --END-- [ RunTime:0.004000s ]
SQL: SHOW COLUMNS FROM `zjb_area` [ RunTime:0.006001s ]
SQL: SELECT * FROM `zjb_area` WHERE ( `pid` = 132 ) AND ( `level` = 2 )  [ RunTime:0.000000s ]

[ 2013-10-17T22:15:04+08:00 ] 0.0.0.0 /zjb/index.php/Ajax/getRegion.html?pid=114&type=2
INFO: [ app_begin ] --START--
INFO: ReadHtmlCache Behavior ::run [ RunTime:0.002000s ]
INFO: [ app_begin ] --END-- [ RunTime:0.003000s ]
SQL: SHOW COLUMNS FROM `zjb_area` [ RunTime:0.005000s ]
SQL: SELECT * FROM `zjb_area` WHERE ( `pid` = 114 ) AND ( `level` = 2 )  [ RunTime:0.001000s ]

[ 2013-10-17T22:24:17+08:00 ] 0.0.0.0 /zjb/index.php/Ajax/getRegion.html?pid=136&type=2
INFO: [ app_begin ] --START--
INFO: ReadHtmlCache Behavior ::run [ RunTime:0.003000s ]
INFO: [ app_begin ] --END-- [ RunTime:0.003000s ]
SQL: SHOW COLUMNS FROM `zjb_area` [ RunTime:0.005000s ]
SQL: SELECT * FROM `zjb_area` WHERE ( `pid` = 136 ) AND ( `level` = 2 )  [ RunTime:0.001000s ]

[ 2013-10-17T22:24:19+08:00 ] 0.0.0.0 /zjb/index.php/Ajax/getRegion.html?pid=113&type=2
INFO: [ app_begin ] --START--
INFO: ReadHtmlCache Behavior ::run [ RunTime:0.002000s ]
INFO: [ app_begin ] --END-- [ RunTime:0.003000s ]
SQL: SHOW COLUMNS FROM `zjb_area` [ RunTime:0.005000s ]
SQL: SELECT * FROM `zjb_area` WHERE ( `pid` = 113 ) AND ( `level` = 2 )  [ RunTime:0.001001s ]

