[ 2013-10-18T09:14:29+08:00 ] 0.0.0.0 /zjb/index.php/Ajax/getRegion.html?pid=137&type=2
INFO: [ app_begin ] --START--
INFO: ReadHtmlCache Behavior ::run [ RunTime:0.002000s ]
INFO: [ app_begin ] --END-- [ RunTime:0.003000s ]
SQL: SHOW COLUMNS FROM `zjb_area` [ RunTime:0.004000s ]
SQL: SELECT * FROM `zjb_area` WHERE ( `pid` = 137 ) AND ( `level` = 2 )  [ RunTime:0.001000s ]

[ 2013-10-18T09:14:31+08:00 ] 0.0.0.0 /zjb/index.php/Ajax/getRegion.html?pid=115&type=2
INFO: [ app_begin ] --START--
INFO: ReadHtmlCache Behavior ::run [ RunTime:0.002000s ]
INFO: [ app_begin ] --END-- [ RunTime:0.002000s ]
SQL: SHOW COLUMNS FROM `zjb_area` [ RunTime:0.004000s ]
SQL: SELECT * FROM `zjb_area` WHERE ( `pid` = 115 ) AND ( `level` = 2 )  [ RunTime:0.001000s ]

[ 2013-10-18T09:14:34+08:00 ] 0.0.0.0 /zjb/index.php/Ajax/getRegion.html?pid=113&type=2
INFO: [ app_begin ] --START--
INFO: ReadHtmlCache Behavior ::run [ RunTime:0.002000s ]
INFO: [ app_begin ] --END-- [ RunTime:0.003000s ]
SQL: SHOW COLUMNS FROM `zjb_area` [ RunTime:0.005001s ]
SQL: SELECT * FROM `zjb_area` WHERE ( `pid` = 113 ) AND ( `level` = 2 )  [ RunTime:0.001000s ]

[ 2013-10-18T09:15:21+08:00 ] 0.0.0.0 /zjb/index.php/Ajax/getRegion.html?pid=132&type=2
INFO: [ app_begin ] --START--
INFO: ReadHtmlCache Behavior ::run [ RunTime:0.002000s ]
INFO: [ app_begin ] --END-- [ RunTime:0.003000s ]
SQL: SHOW COLUMNS FROM `zjb_area` [ RunTime:0.005000s ]
SQL: SELECT * FROM `zjb_area` WHERE ( `pid` = 132 ) AND ( `level` = 2 )  [ RunTime:0.001000s ]

[ 2013-10-18T09:15:26+08:00 ] 0.0.0.0 /zjb/index.php/Ajax/getRegion.html?pid=134&type=2
INFO: [ app_begin ] --START--
INFO: ReadHtmlCache Behavior ::run [ RunTime:0.002000s ]
INFO: [ app_begin ] --END-- [ RunTime:0.003000s ]
SQL: SHOW COLUMNS FROM `zjb_area` [ RunTime:0.004000s ]
SQL: SELECT * FROM `zjb_area` WHERE ( `pid` = 134 ) AND ( `level` = 2 )  [ RunTime:0.001000s ]

[ 2013-10-18T09:16:00+08:00 ] 0.0.0.0 /zjb/index.php/Ajax/getRegion.html?pid=135&type=2
INFO: [ app_begin ] --START--
INFO: ReadHtmlCache Behavior ::run [ RunTime:0.002000s ]
INFO: [ app_begin ] --END-- [ RunTime:0.003000s ]
SQL: SHOW COLUMNS FROM `zjb_area` [ RunTime:0.005000s ]
SQL: SELECT * FROM `zjb_area` WHERE ( `pid` = 135 ) AND ( `level` = 2 )  [ RunTime:0.001000s ]

[ 2013-10-18T09:16:03+08:00 ] 0.0.0.0 /zjb/index.php/Ajax/getRegion.html?pid=112&type=2
INFO: [ app_begin ] --START--
INFO: ReadHtmlCache Behavior ::run [ RunTime:0.002001s ]
INFO: [ app_begin ] --END-- [ RunTime:0.003001s ]
SQL: SHOW COLUMNS FROM `zjb_area` [ RunTime:0.005001s ]
SQL: SELECT * FROM `zjb_area` WHERE ( `pid` = 112 ) AND ( `level` = 2 )  [ RunTime:0.000000s ]

[ 2013-10-18T09:16:06+08:00 ] 0.0.0.0 /zjb/index.php/Ajax/getRegion.html?pid=135&type=2
INFO: [ app_begin ] --START--
INFO: ReadHtmlCache Behavior ::run [ RunTime:0.002000s ]
INFO: [ app_begin ] --END-- [ RunTime:0.003000s ]
SQL: SHOW COLUMNS FROM `zjb_area` [ RunTime:0.004000s ]
SQL: SELECT * FROM `zjb_area` WHERE ( `pid` = 135 ) AND ( `level` = 2 )  [ RunTime:0.000000s ]

[ 2013-10-18T09:36:48+08:00 ] 0.0.0.0 /zjb/index.php/Ajax/getRegion.html?pid=136&type=2
INFO: [ app_begin ] --START--
INFO: ReadHtmlCache Behavior ::run [ RunTime:0.002000s ]
INFO: [ app_begin ] --END-- [ RunTime:0.003000s ]
SQL: SHOW COLUMNS FROM `zjb_area` [ RunTime:0.005001s ]
SQL: SELECT * FROM `zjb_area` WHERE ( `pid` = 136 ) AND ( `level` = 2 )  [ RunTime:0.001000s ]

[ 2013-10-18T09:36:49+08:00 ] 0.0.0.0 /zjb/index.php/Ajax/getRegion.html?pid=2001&type=3
INFO: [ app_begin ] --START--
INFO: ReadHtmlCache Behavior ::run [ RunTime:0.002000s ]
INFO: [ app_begin ] --END-- [ RunTime:0.003000s ]
SQL: SHOW COLUMNS FROM `zjb_area` [ RunTime:0.008000s ]
SQL: SELECT * FROM `zjb_area` WHERE ( `pid` = 2001 ) AND ( `level` = 3 )  [ RunTime:0.001000s ]

[ 2013-10-18T09:40:46+08:00 ] 0.0.0.0 /zjb/index.php/Ajax%20/%20getRegion.html?pid=141&type=2
INFO: [ app_begin ] --START--
INFO: ReadHtmlCache Behavior ::run [ RunTime:0.002000s ]
INFO: [ app_begin ] --END-- [ RunTime:0.003000s ]
ERR: 非法操作: getRegion

[ 2013-10-18T09:40:52+08:00 ] 0.0.0.0 /zjb/index.php/Ajax%20/%20getRegion.html?pid=142&type=2
INFO: [ app_begin ] --START--
INFO: ReadHtmlCache Behavior ::run [ RunTime:0.002000s ]
INFO: [ app_begin ] --END-- [ RunTime:0.002000s ]
ERR: 非法操作: getRegion

[ 2013-10-18T09:41:42+08:00 ] 0.0.0.0 /zjb/index.php/Ajax%20/%20getRegion.html?pid=137&type=2
INFO: [ app_begin ] --START--
INFO: ReadHtmlCache Behavior ::run [ RunTime:0.002001s ]
INFO: [ app_begin ] --END-- [ RunTime:0.003001s ]
ERR: 非法操作: getRegion

[ 2013-10-18T09:41:47+08:00 ] 0.0.0.0 /zjb/index.php/Ajax%20/%20getRegion.html?pid=115&type=2
INFO: [ app_begin ] --START--
INFO: ReadHtmlCache Behavior ::run [ RunTime:0.002000s ]
INFO: [ app_begin ] --END-- [ RunTime:0.003001s ]
ERR: 非法操作: getRegion

[ 2013-10-18T09:41:54+08:00 ] 0.0.0.0 /zjb/index.php/Ajax%20/%20getRegion.html?pid=137&type=2
INFO: [ app_begin ] --START--
INFO: ReadHtmlCache Behavior ::run [ RunTime:0.003000s ]
INFO: [ app_begin ] --END-- [ RunTime:0.003000s ]
ERR: 非法操作: getRegion

[ 2013-10-18T09:45:44+08:00 ] 0.0.0.0 /zjb/index.php/Ajax%20/%20getRegion.html?pid=136&type=2
INFO: [ app_begin ] --START--
INFO: ReadHtmlCache Behavior ::run [ RunTime:0.002001s ]
INFO: [ app_begin ] --END-- [ RunTime:0.003001s ]
ERR: 非法操作: getRegion

[ 2013-10-18T09:46:39+08:00 ] 0.0.0.0 /zjb/index.php/Ajax%20/%20getRegion.html?pid=137&type=2
INFO: [ app_begin ] --START--
INFO: ReadHtmlCache Behavior ::run [ RunTime:0.002000s ]
INFO: [ app_begin ] --END-- [ RunTime:0.003000s ]
ERR: 非法操作: getRegion

[ 2013-10-18T09:48:33+08:00 ] 0.0.0.0 /zjb/index.php/Ajax%20/%20getRegion.html?pid=142&type=2
INFO: [ app_begin ] --START--
INFO: ReadHtmlCache Behavior ::run [ RunTime:0.002000s ]
INFO: [ app_begin ] --END-- [ RunTime:0.003001s ]
ERR: 非法操作: getRegion

[ 2013-10-18T09:48:36+08:00 ] 0.0.0.0 /zjb/index.php/Ajax%20/%20getRegion.html?pid=115&type=2
INFO: [ app_begin ] --START--
INFO: ReadHtmlCache Behavior ::run [ RunTime:0.002000s ]
INFO: [ app_begin ] --END-- [ RunTime:0.002000s ]
ERR: 非法操作: getRegion

[ 2013-10-18T09:49:58+08:00 ] 0.0.0.0 /zjb/index.php/Ajax%20/%20getRegion.html?pid=132&type=2
INFO: [ app_begin ] --START--
INFO: ReadHtmlCache Behavior ::run [ RunTime:0.001000s ]
INFO: [ app_begin ] --END-- [ RunTime:0.003000s ]
ERR: 非法操作: getRegion

[ 2013-10-18T09:54:17+08:00 ] 0.0.0.0 /zjb/index.php/Ajax%20/%20getRegion.html?pid=133&type=2
INFO: [ app_begin ] --START--
INFO: ReadHtmlCache Behavior ::run [ RunTime:0.002001s ]
INFO: [ app_begin ] --END-- [ RunTime:0.003001s ]
ERR: 非法操作: getRegion

[ 2013-10-18T09:56:03+08:00 ] 0.0.0.0 /zjb/index.php/Ajax%20/%20getRegion.html?pid=121&type=2
INFO: [ app_begin ] --START--
INFO: ReadHtmlCache Behavior ::run [ RunTime:0.004000s ]
INFO: [ app_begin ] --END-- [ RunTime:0.007001s ]
ERR: 非法操作: getRegion

[ 2013-10-18T10:01:59+08:00 ] 0.0.0.0 /zjb/index.php/Ajax%20/%20getRegion.html?pid=132&type=2
INFO: [ app_begin ] --START--
INFO: ReadHtmlCache Behavior ::run [ RunTime:0.004000s ]
INFO: [ app_begin ] --END-- [ RunTime:0.006000s ]
ERR: 非法操作: getRegion

[ 2013-10-18T10:05:10+08:00 ] 0.0.0.0 /zjb/index.php/Ajax%20/%20getRegion.html?pid=112&type=2
INFO: [ app_begin ] --START--
INFO: ReadHtmlCache Behavior ::run [ RunTime:0.002000s ]
INFO: [ app_begin ] --END-- [ RunTime:0.004000s ]
ERR: 非法操作: getRegion

[ 2013-10-18T10:05:15+08:00 ] 0.0.0.0 /zjb/index.php/Ajax%20/%20getRegion.html?pid=142&type=2
INFO: [ app_begin ] --START--
INFO: ReadHtmlCache Behavior ::run [ RunTime:0.002000s ]
INFO: [ app_begin ] --END-- [ RunTime:0.003000s ]
ERR: 非法操作: getRegion

[ 2013-10-18T10:07:22+08:00 ] 0.0.0.0 /zjb/index.php/Ajax%20/%20getRegion.html?pid=115&type=2
INFO: [ app_begin ] --START--
INFO: ReadHtmlCache Behavior ::run [ RunTime:0.006001s ]
INFO: [ app_begin ] --END-- [ RunTime:0.007001s ]
ERR: 非法操作: getRegion

[ 2013-10-18T10:14:26+08:00 ] 0.0.0.0 /zjb/index.php/Ajax%20/%20getRegion.html?pid=137&type=2
INFO: [ app_begin ] --START--
INFO: ReadHtmlCache Behavior ::run [ RunTime:0.007001s ]
INFO: [ app_begin ] --END-- [ RunTime:0.008001s ]
ERR: 非法操作: getRegion

[ 2013-10-18T10:15:46+08:00 ] 0.0.0.0 /zjb/index.php/Ajax/getRegion.html?pid=137&type=2
INFO: [ app_begin ] --START--
INFO: ReadHtmlCache Behavior ::run [ RunTime:0.002000s ]
INFO: [ app_begin ] --END-- [ RunTime:0.002000s ]
SQL: SHOW COLUMNS FROM `zjb_area` [ RunTime:0.005000s ]
SQL: SELECT * FROM `zjb_area` WHERE ( `pid` = 137 ) AND ( `level` = 2 )  [ RunTime:0.001000s ]

[ 2013-10-18T10:19:38+08:00 ] 0.0.0.0 /zjb/index.php/Ajax%20/%20getRegion.html?pid=137&type=2
INFO: [ app_begin ] --START--
INFO: ReadHtmlCache Behavior ::run [ RunTime:0.002001s ]
INFO: [ app_begin ] --END-- [ RunTime:0.003001s ]
ERR: 非法操作: getRegion

[ 2013-10-18T10:20:27+08:00 ] 0.0.0.0 /zjb/index.php/Ajax/getRegion.html?pid=134&type=2
INFO: [ app_begin ] --START--
INFO: ReadHtmlCache Behavior ::run [ RunTime:0.002000s ]
INFO: [ app_begin ] --END-- [ RunTime:0.003000s ]
SQL: SHOW COLUMNS FROM `zjb_area` [ RunTime:0.005000s ]
SQL: SELECT * FROM `zjb_area` WHERE ( `pid` = 134 ) AND ( `level` = 2 )  [ RunTime:0.001000s ]

[ 2013-10-18T10:20:28+08:00 ] 0.0.0.0 /zjb/index.php/Ajax/getRegion.html?pid=1511&type=3
INFO: [ app_begin ] --START--
INFO: ReadHtmlCache Behavior ::run [ RunTime:0.002000s ]
INFO: [ app_begin ] --END-- [ RunTime:0.003000s ]
SQL: SHOW COLUMNS FROM `zjb_area` [ RunTime:0.004000s ]
SQL: SELECT * FROM `zjb_area` WHERE ( `pid` = 1511 ) AND ( `level` = 3 )  [ RunTime:0.000000s ]

[ 2013-10-18T10:52:13+08:00 ] 0.0.0.0 /zjb/index.php/Ajax/getRegion.html?pid=143&type=2
INFO: [ app_begin ] --START--
INFO: ReadHtmlCache Behavior ::run [ RunTime:0.002000s ]
INFO: [ app_begin ] --END-- [ RunTime:0.003000s ]
SQL: SHOW COLUMNS FROM `zjb_area` [ RunTime:0.005000s ]
SQL: SELECT * FROM `zjb_area` WHERE ( `pid` = 143 ) AND ( `level` = 2 )  [ RunTime:0.001000s ]

[ 2013-10-18T10:52:16+08:00 ] 0.0.0.0 /zjb/index.php/Ajax/getRegion.html?pid=14314&type=3
INFO: [ app_begin ] --START--
INFO: ReadHtmlCache Behavior ::run [ RunTime:0.002000s ]
INFO: [ app_begin ] --END-- [ RunTime:0.003000s ]
SQL: SHOW COLUMNS FROM `zjb_area` [ RunTime:0.004000s ]
SQL: SELECT * FROM `zjb_area` WHERE ( `pid` = 14314 ) AND ( `level` = 3 )  [ RunTime:0.000000s ]

[ 2013-10-18T10:52:40+08:00 ] 0.0.0.0 /zjb/index.php/Ajax/getRegion.html?pid=9918&type=3
INFO: [ app_begin ] --START--
INFO: ReadHtmlCache Behavior ::run [ RunTime:0.002000s ]
INFO: [ app_begin ] --END-- [ RunTime:0.003000s ]
SQL: SHOW COLUMNS FROM `zjb_area` [ RunTime:0.005000s ]
SQL: SELECT * FROM `zjb_area` WHERE ( `pid` = 9918 ) AND ( `level` = 3 )  [ RunTime:0.000000s ]

[ 2013-10-18T10:56:19+08:00 ] 0.0.0.0 /zjb/index.php/Ajax/getRegion.html?pid=144&type=2
INFO: [ app_begin ] --START--
INFO: ReadHtmlCache Behavior ::run [ RunTime:0.002000s ]
INFO: [ app_begin ] --END-- [ RunTime:0.003000s ]
SQL: SHOW COLUMNS FROM `zjb_area` [ RunTime:0.005001s ]
SQL: SELECT * FROM `zjb_area` WHERE ( `pid` = 144 ) AND ( `level` = 2 )  [ RunTime:0.001000s ]

[ 2013-10-18T10:56:21+08:00 ] 0.0.0.0 /zjb/index.php/Ajax/getRegion.html?pid=540&type=3
INFO: [ app_begin ] --START--
INFO: ReadHtmlCache Behavior ::run [ RunTime:0.002000s ]
INFO: [ app_begin ] --END-- [ RunTime:0.003000s ]
SQL: SHOW COLUMNS FROM `zjb_area` [ RunTime:0.005000s ]
SQL: SELECT * FROM `zjb_area` WHERE ( `pid` = 540 ) AND ( `level` = 3 )  [ RunTime:0.001000s ]

[ 2013-10-18T11:03:07+08:00 ] 0.0.0.0 /zjb/index.php/Ajax/getRegion.html?pid=133&type=2
INFO: [ app_begin ] --START--
INFO: ReadHtmlCache Behavior ::run [ RunTime:0.002000s ]
INFO: [ app_begin ] --END-- [ RunTime:0.003000s ]
SQL: SHOW COLUMNS FROM `zjb_area` [ RunTime:0.005000s ]
SQL: SELECT * FROM `zjb_area` WHERE ( `pid` = 133 ) AND ( `level` = 2 )  [ RunTime:0.001000s ]

[ 2013-10-18T11:03:09+08:00 ] 0.0.0.0 /zjb/index.php/Ajax/getRegion.html?pid=1943&type=3
INFO: [ app_begin ] --START--
INFO: ReadHtmlCache Behavior ::run [ RunTime:0.002000s ]
INFO: [ app_begin ] --END-- [ RunTime:0.003000s ]
SQL: SHOW COLUMNS FROM `zjb_area` [ RunTime:0.005000s ]
SQL: SELECT * FROM `zjb_area` WHERE ( `pid` = 1943 ) AND ( `level` = 3 )  [ RunTime:0.001000s ]

[ 2013-10-18T11:18:09+08:00 ] 0.0.0.0 /zjb/index.php/Ajax/getRegion.html?pid=152&type=2
INFO: [ app_begin ] --START--
INFO: ReadHtmlCache Behavior ::run [ RunTime:0.002001s ]
INFO: [ app_begin ] --END-- [ RunTime:0.004001s ]
SQL: SHOW COLUMNS FROM `zjb_area` [ RunTime:0.006000s ]
SQL: SELECT * FROM `zjb_area` WHERE ( `pid` = 152 ) AND ( `level` = 2 )  [ RunTime:0.001000s ]

[ 2013-10-18T14:31:34+08:00 ] 0.0.0.0 /zjb/index.php/Ajax/getRegion.html?pid=143&type=2
INFO: [ app_begin ] --START--
INFO: ReadHtmlCache Behavior ::run [ RunTime:0.002001s ]
INFO: [ app_begin ] --END-- [ RunTime:0.003001s ]
SQL: SHOW COLUMNS FROM `zjb_area` [ RunTime:0.005001s ]
SQL: SELECT * FROM `zjb_area` WHERE ( `pid` = 143 ) AND ( `level` = 2 )  [ RunTime:0.001000s ]

[ 2013-10-18T14:31:35+08:00 ] 0.0.0.0 /zjb/index.php/Ajax/getRegion.html?pid=1811&type=3
INFO: [ app_begin ] --START--
INFO: ReadHtmlCache Behavior ::run [ RunTime:0.002000s ]
INFO: [ app_begin ] --END-- [ RunTime:0.003000s ]
SQL: SHOW COLUMNS FROM `zjb_area` [ RunTime:0.004000s ]
SQL: SELECT * FROM `zjb_area` WHERE ( `pid` = 1811 ) AND ( `level` = 3 )  [ RunTime:0.000000s ]

[ 2013-10-18T14:41:53+08:00 ] 0.0.0.0 /zjb/index.php/Index/verify
ERR: 非法操作:verify

[ 2013-10-18T14:42:07+08:00 ] 0.0.0.0 /zjb/index.php/Index/verify
ERR: 非法操作:verify

[ 2013-10-18T14:46:06+08:00 ] 0.0.0.0 /zjb/index.php/Index/%7BU('Register/register')%7D
ERR: 非法操作:{U('Register

